#
# A fatal error has been detected by the Java Runtime Environment:
#
#  SIGSEGV (0xb) at pc=0x00007a27b9bde1a9, pid=1130933, tid=1131126
#
# JRE version: OpenJDK Runtime Environment (11.0.28+6) (build 11.0.28+6-post-Ubuntu-1ubuntu122.04.1)
# Java VM: OpenJDK 64-Bit Server VM (11.0.28+6-post-Ubuntu-1ubuntu122.04.1, mixed mode, sharing, tiered, compressed oops, g1 gc, linux-amd64)
# Problematic frame:
# C  0x00007a27b9bde1a9
#
# Core dump will be written. Default location: Core dumps may be processed with "/wsl-capture-crash %t %E %p %s" (or dumping to /mnt/d/OneDrive/OneDrive - The Chinese University of Hong Kong/Records/CUHK/Research/AssistantOthers/zyk/dedup-librecord/core.1130933)
#
# If you would like to submit a bug report, please visit:
#   https://bugs.launchpad.net/ubuntu/+source/openjdk-lts
#

---------------  S U M M A R Y ------------

Command Line: -ea 

Host: 12th Gen Intel(R) Core(TM) i7-12700, 20 cores, 47G, Ubuntu 22.04.5 LTS
Time: Wed Oct 15 17:09:45 2025 HKT elapsed time: 30.146191 seconds (0d 0h 0m 30s)

---------------  T H R E A D  ---------------

Current thread is native thread

Stack: [0x00007a279ddca000,0x00007a279e5ca000],  sp=0x00007a279e5c8cb0,  free space=8187k
Native frames: (J=compiled Java code, A=aot compiled Java code, j=interpreted, Vv=VM code, C=native code)
C  0x00007a27b9bde1a9


siginfo: si_signo: 11 (SIGSEGV), si_code: 1 (SEGV_MAPERR), si_addr: 0x00007a27b9bde1a9

Register to memory mapping:

RAX=0x0 is NULL
RBX=
[error occurred during error reporting (printing register info), id 0xb, SIGSEGV (0xb) at pc=0x00007a289d45693c]

Registers:
RAX=0x0000000000000000, RBX=0x0000000040000b40, RCX=0x00007a279e5c8cf0, RDX=0x00007a279e5c8cc8
RSP=0x00007a279e5c8cb0, RBP=0x0000000000000000, RSI=0x00000000c028473a, RDI=0x0000000000000007
R8 =0x0000000000000000, R9 =0x0000000000000000, R10=0x0000000000000000, R11=0x0000000000000246
R12=0x0000000000000001, R13=0x00005ce847bc0180, R14=0x00007a279e5c8d58, R15=0x0000000000000001
RIP=0x00007a27b9bde1a9, EFLAGS=0x0000000000010213, CSGSFS=0x002b000000000033, ERR=0x0000000000000014
  TRAPNO=0x000000000000000e

Top of Stack: (sp=0x00007a279e5c8cb0)
0x00007a279e5c8cb0:   00007a279e5c8d90 0000000000000000
0x00007a279e5c8cc0:   0000000000000000 0000000140000000
0x00007a279e5c8cd0:   00007a279e5c8cf0 00007a279e5c8d60
0x00007a279e5c8ce0:   0000000000000000 00007a2a00000000 

Instructions: (pc=0x00007a27b9bde1a9)
0x00007a27b9bde0a9:   ?? ?? ?? ?? ?? ?? ?? ?? ?? ?? ?? ?? ?? ?? ?? ??
0x00007a27b9bde0b9:   ?? ?? ?? ?? ?? ?? ?? ?? ?? ?? ?? ?? ?? ?? ?? ??
0x00007a27b9bde0c9:   ?? ?? ?? ?? ?? ?? ?? ?? ?? ?? ?? ?? ?? ?? ?? ??
0x00007a27b9bde0d9:   ?? ?? ?? ?? ?? ?? ?? ?? ?? ?? ?? ?? ?? ?? ?? ??
0x00007a27b9bde0e9:   ?? ?? ?? ?? ?? ?? ?? ?? ?? ?? ?? ?? ?? ?? ?? ??
0x00007a27b9bde0f9:   ?? ?? ?? ?? ?? ?? ?? ?? ?? ?? ?? ?? ?? ?? ?? ??
0x00007a27b9bde109:   ?? ?? ?? ?? ?? ?? ?? ?? ?? ?? ?? ?? ?? ?? ?? ??
0x00007a27b9bde119:   ?? ?? ?? ?? ?? ?? ?? ?? ?? ?? ?? ?? ?? ?? ?? ??
0x00007a27b9bde129:   ?? ?? ?? ?? ?? ?? ?? ?? ?? ?? ?? ?? ?? ?? ?? ??
0x00007a27b9bde139:   ?? ?? ?? ?? ?? ?? ?? ?? 